<?xml version="1.0" encoding="UTF-8"?>
<!-- Generated by org.testng.reporters.JUnitReportReporter -->
<testsuite hostname="LAPTOP-O1PRKNEB" failures="0" tests="2" name="testng_day2_package.PaymentTests" time="0.024" errors="0" timestamp="2024-12-19T12:56:41 IST" skipped="0">
  <testcase classname="testng_day2_package.PaymentTests" name="paymentinRupees" time="0.002"/>
  <system-out/>
  <testcase classname="testng_day2_package.PaymentTests" name="paymentinDollars" time="0.022"/>
  <system-out/>
</testsuite> <!-- testng_day2_package.PaymentTests -->
