<?xml version="1.0" encoding="UTF-8"?>
<!-- Generated by org.testng.reporters.JUnitReportReporter -->
<testsuite hostname="LAPTOP-O1PRKNEB" failures="0" tests="3" name="testng_day2_package.Login_tests" time="0.030" errors="0" timestamp="2024-12-19T12:45:27 IST" skipped="0">
  <testcase classname="testng_day2_package.Login_tests" name="loginByTwitter" time="0.002"/>
  <system-out/>
  <testcase classname="testng_day2_package.Login_tests" name="loginByEmail" time="0.024"/>
  <system-out/>
  <testcase classname="testng_day2_package.Login_tests" name="loginByFacebook" time="0.004"/>
  <system-out/>
</testsuite> <!-- testng_day2_package.Login_tests -->
