<?xml version="1.0" encoding="UTF-8"?>
<!-- Generated by org.testng.reporters.JUnitReportReporter -->
<testsuite hostname="LAPTOP-O1PRKNEB" failures="0" tests="1" name="pageobject.LoginTest" time="2.680" errors="0" timestamp="2024-12-20T17:34:49 IST" skipped="0">
  <testcase classname="pageobject.LoginTest" name="testLogin" time="2.680"/>
  <system-out/>
</testsuite> <!-- pageobject.LoginTest -->
