<?xml version="1.0" encoding="UTF-8"?>
<!-- Generated by org.testng.reporters.JUnitReportReporter -->
<testsuite hostname="LAPTOP-O1PRKNEB" failures="0" tests="3" name="testng_day2_package.SignUp_test" time="0.022" errors="0" timestamp="2024-12-19T12:56:21 IST" skipped="0">
  <testcase classname="testng_day2_package.SignUp_test" name="SignUpByEmail" time="0.018"/>
  <system-out/>
  <testcase classname="testng_day2_package.SignUp_test" name="SignUpByFacebook" time="0.001"/>
  <system-out/>
  <testcase classname="testng_day2_package.SignUp_test" name="SignUpByTwitter" time="0.003"/>
  <system-out/>
</testsuite> <!-- testng_day2_package.SignUp_test -->
