<?xml version="1.0" encoding="UTF-8"?>
<!-- Generated by org.testng.reporters.JUnitReportReporter -->
<testsuite hostname="LAPTOP-O1PRKNEB" failures="0" tests="2" name="annotations.annotationdemo_1" time="0.049" errors="0" timestamp="2024-12-18T14:50:29 IST" skipped="0">
  <testcase classname="annotations.annotationdemo_1" name="search" time="0.044"/>
  <system-out/>
  <testcase classname="annotations.annotationdemo_1" name="advsearch" time="0.005"/>
  <system-out/>
</testsuite> <!-- annotations.annotationdemo_1 -->
