<?xml version="1.0" encoding="UTF-8"?>
<!-- Generated by org.testng.reporters.JUnitReportReporter -->
<testsuite hostname="LAPTOP-O1PRKNEB" failures="0" tests="4" name="testng_2.OrangeHRMTest" time="16.950" errors="0" timestamp="2024-12-18T14:11:09 IST" skipped="0">
  <testcase classname="testng_2.OrangeHRMTest" name="openApp" time="11.535"/>
  <system-out/>
  <testcase classname="testng_2.OrangeHRMTest" name="testLogo" time="3.086"/>
  <system-out/>
  <testcase classname="testng_2.OrangeHRMTest" name="testLogin" time="2.021"/>
  <system-out/>
  <testcase classname="testng_2.OrangeHRMTest" name="closeApp" time="0.308"/>
  <system-out/>
</testsuite> <!-- testng_2.OrangeHRMTest -->
