<?xml version="1.0" encoding="UTF-8"?>
<!-- Generated by org.testng.reporters.JUnitReportReporter -->
<testsuite hostname="LAPTOP-O1PRKNEB" failures="0" tests="3" name="testng.test_ng_first" time="0.013" errors="0" timestamp="2024-12-18T12:14:03 IST" skipped="0">
  <testcase classname="testng.test_ng_first" name="openApp" time="0.009"/>
  <system-out/>
  <testcase classname="testng.test_ng_first" name="loginApp" time="0.002"/>
  <system-out/>
  <testcase classname="testng.test_ng_first" name="logoutApp" time="0.002"/>
  <system-out/>
</testsuite> <!-- testng.test_ng_first -->
