<?xml version="1.0" encoding="UTF-8"?>
<!-- Generated by org.testng.reporters.JUnitReportReporter -->
<testsuite hostname="LAPTOP-O1PRKNEB" failures="0" tests="4" name="testng_4report.OrangeHRM" time="11.571" errors="0" timestamp="2024-12-20T14:45:52 IST" skipped="0">
  <testcase classname="testng_4report.OrangeHRM" name="openApp" time="7.025"/>
  <system-out/>
  <testcase classname="testng_4report.OrangeHRM" name="testLogo" time="3.040"/>
  <system-out/>
  <testcase classname="testng_4report.OrangeHRM" name="testLogin" time="1.409"/>
  <system-out/>
  <testcase classname="testng_4report.OrangeHRM" name="closeApp" time="0.097"/>
  <system-out/>
</testsuite> <!-- testng_4report.OrangeHRM -->
